

Started GET "/" for ::1 at 2015-04-17 14:53:48 -0700
Processing by Rails::WelcomeController#index as HTML
  Rendered /Users/caitlynkennedy/.rbenv/versions/2.0.0-p481/lib/ruby/gems/2.0.0/gems/railties-4.2.1/lib/rails/templates/rails/welcome/index.html.erb (2.4ms)
Completed 200 OK in 64ms (Views: 55.0ms | ActiveRecord: 0.0ms)


Started GET "/" for ::1 at 2015-04-17 14:56:36 -0700
Processing by Rails::WelcomeController#index as HTML
  Rendered /Users/caitlynkennedy/.rbenv/versions/2.0.0-p481/lib/ruby/gems/2.0.0/gems/railties-4.2.1/lib/rails/templates/rails/welcome/index.html.erb (0.1ms)
Completed 200 OK in 2ms (Views: 1.3ms | ActiveRecord: 0.0ms)


Started GET "/" for ::1 at 2015-04-17 14:56:40 -0700
Processing by Rails::WelcomeController#index as HTML
  Rendered /Users/caitlynkennedy/.rbenv/versions/2.0.0-p481/lib/ruby/gems/2.0.0/gems/railties-4.2.1/lib/rails/templates/rails/welcome/index.html.erb (0.0ms)
Completed 200 OK in 1ms (Views: 1.0ms | ActiveRecord: 0.0ms)


Started GET "/" for ::1 at 2015-04-17 14:57:29 -0700
Processing by LandingPageController#index as HTML
  Rendered landing_page/index.html.erb within layouts/application (0.4ms)
Completed 200 OK in 2553ms (Views: 2552.3ms | ActiveRecord: 0.0ms)


Started GET "/assets/application.self-e80e8f2318043e8af94dddc2adad5a4f09739a8ebb323b3ab31cd71d45fd9113.css?body=1" for ::1 at 2015-04-17 14:57:32 -0700


Started GET "/assets/jquery.self-d03a5518f45df77341bdbe6201ba3bfa547ebba8ed64f0ea56bfa5f96ea7c074.js?body=1" for ::1 at 2015-04-17 14:57:32 -0700


Started GET "/assets/landing_page.self-e3b0c44298fc1c149afbf4c8996fb92427ae41e4649b934ca495991b7852b855.css?body=1" for ::1 at 2015-04-17 14:57:32 -0700


Started GET "/assets/jquery_ujs.self-8e98a7a072a6cee1372d19fff9ff3e6aa1e39a37d89d6f06861637d061113ee7.js?body=1" for ::1 at 2015-04-17 14:57:32 -0700


Started GET "/assets/landing_page.self-877aef30ae1b040ab8a3aba4e3e309a11d7f2612f44dde450b5c157aa5f95c05.js?body=1" for ::1 at 2015-04-17 14:57:32 -0700


Started GET "/assets/turbolinks.self-c37727e9bd6b2735da5c311aa83fead54ed0be6cc8bd9a65309e9c5abe2cbfff.js?body=1" for ::1 at 2015-04-17 14:57:32 -0700


Started GET "/assets/application.self-3b8dabdc891efe46b9a144b400ad69e37d7e5876bdc39dee783419a69d7ca819.js?body=1" for ::1 at 2015-04-17 14:57:32 -0700
